\BOOKMARK [1][-]{section.1}{\376\377\000V\000a\000l\000u\000e\000-\000B\000a\000s\000e\000d\000\040\000M\000e\000t\000h\000o\000d\000s\000\040\000M\000o\000t\000i\000v\000a\000t\000i\000o\000n}{}% 1
\BOOKMARK [1][-]{section.2}{\376\377\000S\000u\000p\000p\000o\000r\000t\000i\000n\000g\000\040\000T\000h\000e\000o\000r\000y}{}% 2
\BOOKMARK [2][-]{subsection.2.1}{\376\377\000D\000e\000f\000i\000n\000i\000t\000i\000o\000n\000s}{section.2}% 3
\BOOKMARK [3][-]{subsubsection.2.1.1}{\376\377\000M\000a\000r\000k\000o\000v\000\040\000D\000e\000c\000i\000s\000i\000o\000n\000\040\000P\000r\000o\000c\000e\000s\000s\000\040\000\050\000M\000D\000P\000\051}{subsection.2.1}% 4
\BOOKMARK [3][-]{subsubsection.2.1.2}{\376\377\000P\000o\000l\000i\000c\000y}{subsection.2.1}% 5
\BOOKMARK [3][-]{subsubsection.2.1.3}{\376\377\000S\000t\000a\000t\000e\000\040\000V\000a\000l\000u\000e\000\040\000F\000u\000n\000c\000t\000i\000o\000n}{subsection.2.1}% 6
\BOOKMARK [3][-]{subsubsection.2.1.4}{\376\377\000A\000c\000t\000i\000o\000n\000\040\000V\000a\000l\000u\000e\000\040\000F\000u\000n\000c\000t\000i\000o\000n\000\040\000\050\000Q\000-\000f\000u\000n\000c\000t\000i\000o\000n\000\051}{subsection.2.1}% 7
\BOOKMARK [2][-]{subsection.2.2}{\376\377\000D\000y\000n\000a\000m\000i\000c\000\040\000P\000r\000o\000g\000r\000a\000m\000m\000i\000n\000g}{section.2}% 8
\BOOKMARK [2][-]{subsection.2.3}{\376\377\000P\000o\000l\000i\000c\000y\000\040\000I\000t\000e\000r\000a\000t\000i\000o\000n}{section.2}% 9
\BOOKMARK [2][-]{subsection.2.4}{\376\377\000Q\000-\000L\000e\000a\000r\000n\000i\000n\000g}{section.2}% 10
\BOOKMARK [2][-]{subsection.2.5}{\376\377\000E\000x\000p\000l\000o\000r\000a\000t\000i\000o\000n\000\040\000v\000s\000\040\000E\000x\000p\000l\000o\000i\000t\000a\000t\000i\000o\000n}{section.2}% 11
\BOOKMARK [3][-]{subsubsection.2.5.1}{\376\377\000E\000p\000s\000i\000l\000o\000n\000-\000G\000r\000e\000e\000d\000y\000\040\000S\000t\000r\000a\000t\000e\000g\000y}{subsection.2.5}% 12
\BOOKMARK [3][-]{subsubsection.2.5.2}{\376\377\000O\000t\000h\000e\000r\000\040\000w\000a\000y\000s\000\040\000o\000f\000\040\000e\000x\000p\000l\000o\000r\000a\000t\000i\000o\000n}{subsection.2.5}% 13
\BOOKMARK [1][-]{section.3}{\376\377\000D\000e\000e\000p\000\040\000Q\000\040\000N\000e\000t\000w\000o\000r\000k\000s}{}% 14
\BOOKMARK [2][-]{subsection.3.1}{\376\377\000I\000n\000t\000r\000o\000d\000u\000c\000t\000i\000o\000n}{section.3}% 15
\BOOKMARK [2][-]{subsection.3.2}{\376\377\000E\000x\000p\000e\000r\000i\000e\000n\000c\000e\000\040\000R\000e\000p\000l\000a\000y}{section.3}% 16
\BOOKMARK [2][-]{subsection.3.3}{\376\377\000T\000a\000r\000g\000e\000t\000\040\000N\000e\000t\000w\000o\000r\000k\000s}{section.3}% 17
\BOOKMARK [2][-]{subsection.3.4}{\376\377\000S\000t\000a\000n\000d\000a\000r\000d\000\040\000D\000Q\000N\000\040\000a\000l\000g\000o\000r\000i\000t\000h\000m}{section.3}% 18
\BOOKMARK [1][-]{section.4}{\376\377\000E\000x\000t\000e\000n\000s\000i\000o\000n\000s\000\040\000t\000o\000\040\000t\000h\000e\000\040\000D\000Q\000N\000\040\000A\000l\000g\000o\000r\000i\000t\000h\000m}{}% 19
\BOOKMARK [2][-]{subsection.4.1}{\376\377\000D\000o\000u\000b\000l\000e\000\040\000D\000Q\000N}{section.4}% 20
\BOOKMARK [2][-]{subsection.4.2}{\376\377\000P\000r\000i\000o\000r\000i\000t\000i\000z\000e\000d\000\040\000E\000x\000p\000e\000r\000i\000e\000n\000c\000e\000\040\000R\000e\000p\000l\000a\000y}{section.4}% 21
\BOOKMARK [2][-]{subsection.4.3}{\376\377\000D\000u\000e\000l\000i\000n\000g\000\040\000D\000Q\000N}{section.4}% 22
\BOOKMARK [2][-]{subsection.4.4}{\376\377\000N\000o\000i\000s\000y\000\040\000N\000e\000t\000s}{section.4}% 23
